<?xml version="1.0" encoding="UTF-8"?>
<testng-results skipped="0" failed="0" total="1" passed="1">
  <reporter-output>
  </reporter-output>
  <suite name="Default suite" duration-ms="36" started-at="2020-05-09T14:20:22Z" finished-at="2020-05-09T14:20:22Z">
    <groups>
    </groups>
    <test name="Default test" duration-ms="36" started-at="2020-05-09T14:20:22Z" finished-at="2020-05-09T14:20:22Z">
      <class name="basics.HackerearthExam">
        <test-method status="PASS" signature="test()[pri:0, instance:basics.HackerearthExam@763d9750]" name="test" duration-ms="16" started-at="2020-05-09T19:50:22Z" finished-at="2020-05-09T19:50:22Z">
          <reporter-output>
          </reporter-output>
        </test-method> <!-- test -->
      </class> <!-- basics.HackerearthExam -->
    </test> <!-- Default test -->
  </suite> <!-- Default suite -->
</testng-results>
